54.5
48.0
52.5
52.0
56.0
53.0
53.0
50.0
53.5
55.5
54.5
53.0
51.5
42.5
51.0
53.5
49.0
51.5
55.0
55.0
50.5
8.5
8.5
52.5
52.0
53.0
55.0
52.5
54.5
55.5
50.0
50.0
53.0
51.0
53.0
55.0
52.0
55.0
55.5
9.5
54.0
54.5
52.0
53.5
53.5
55.0
51.5
54.5
53.0
52.0
51.0
54.5
50.5
53.0
52.5
53.5
54.5
55.0
45.5
52.5
53.5
53.5
54.0
54.0
54.5
53.5
56.5
46.5
3.0
53.0
3.5
52.5
46.0
53.0
54.0
55.0
51.5
55.5
11.0
54.0
54.0
54.0
53.5
52.5
52.0
48.5
56.5
51.5
53.0
55.0
53.5
54.5
51.5
51.5
54.0
57.5
54.5
53.0
54.0
54.5
